timestamp: 2013-08-27T14:06:52.080214
CREATE TABLE auth_user(
    id INTEGER PRIMARY KEY AUTOINCREMENT,
    first_name CHAR(128),
    last_name CHAR(128),
    email CHAR(512),
    password CHAR(512),
    registration_key CHAR(512),
    reset_password_key CHAR(512),
    registration_id CHAR(512)
);
success!
timestamp: 2013-08-27T14:06:52.106612
CREATE TABLE auth_group(
    id INTEGER PRIMARY KEY AUTOINCREMENT,
    role CHAR(512),
    description TEXT
);
success!
timestamp: 2013-08-27T14:06:52.122631
CREATE TABLE auth_membership(
    id INTEGER PRIMARY KEY AUTOINCREMENT,
    user_id INTEGER REFERENCES auth_user (id) ON DELETE CASCADE,
    group_id INTEGER REFERENCES auth_group (id) ON DELETE CASCADE
);
success!
timestamp: 2013-08-27T14:06:52.152629
CREATE TABLE auth_permission(
    id INTEGER PRIMARY KEY AUTOINCREMENT,
    group_id INTEGER REFERENCES auth_group (id) ON DELETE CASCADE,
    name CHAR(512),
    table_name CHAR(512),
    record_id INTEGER
);
success!
timestamp: 2013-08-27T14:06:52.172020
CREATE TABLE auth_event(
    id INTEGER PRIMARY KEY AUTOINCREMENT,
    time_stamp TIMESTAMP,
    client_ip CHAR(512),
    user_id INTEGER REFERENCES auth_user (id) ON DELETE CASCADE,
    origin CHAR(512),
    description TEXT
);
success!
timestamp: 2013-08-27T14:06:52.357603
CREATE TABLE auth_cas(
    id INTEGER PRIMARY KEY AUTOINCREMENT,
    user_id INTEGER REFERENCES auth_user (id) ON DELETE CASCADE,
    created_on TIMESTAMP,
    service CHAR(512),
    ticket CHAR(512),
    renew CHAR(1)
);
success!
timestamp: 2013-08-27T14:13:50.707064
ALTER TABLE auth_user ADD phone_num CHAR(512);
timestamp: 2013-08-27T14:13:50.732623
ALTER TABLE auth_user ADD image CHAR(512);
timestamp: 2013-08-27T14:13:50.757458
ALTER TABLE auth_user ADD about_you TEXT;
timestamp: 2013-08-27T14:14:41.433129
ALTER TABLE auth_user ADD username CHAR(128);
timestamp: 2013-08-27T16:28:56.611825
CREATE TABLE category_table(
    id INTEGER PRIMARY KEY AUTOINCREMENT,
    category CHAR(512) UNIQUE
);
success!
timestamp: 2013-08-27T16:32:00.171169
CREATE TABLE post_item(
    id INTEGER PRIMARY KEY AUTOINCREMENT,
    category INTEGER REFERENCES category_table (id) ON DELETE CASCADE,
    heading CHAR(512),
    url CHAR(512),
    post_date CHAR(512),
    post_time CHAR(512)
);
success!
timestamp: 2013-08-27T16:32:00.258199
CREATE TABLE like_post(
    id INTEGER PRIMARY KEY AUTOINCREMENT,
    post_item_id INTEGER REFERENCES post_item (id) ON DELETE CASCADE,
    likes INTEGER
);
success!
timestamp: 2013-08-27T16:32:36.504505
CREATE TABLE comments(
    id INTEGER PRIMARY KEY AUTOINCREMENT,
    post_item_id INTEGER REFERENCES post_item (id) ON DELETE CASCADE,
    comments TEXT,
    user_id INTEGER REFERENCES auth_user (id) ON DELETE CASCADE,
    comments_date CHAR(512),
    comments_time CHAR(512)
);
success!
timestamp: 2013-08-27T16:32:56.579474
CREATE TABLE like_comment(
    id INTEGER PRIMARY KEY AUTOINCREMENT,
    comments_id INTEGER REFERENCES comments (id) ON DELETE CASCADE,
    likes INTEGER
);
success!
timestamp: 2013-08-27T23:40:18.390614
ALTER TABLE post_item ADD user_id INTEGER REFERENCES auth_user (id) ON DELETE CASCADE;
timestamp: 2013-08-27T23:42:03.909133
ALTER TABLE like_post ADD user_id INTEGER REFERENCES auth_user (id) ON DELETE CASCADE;
timestamp: 2013-08-27T23:42:03.930775
ALTER TABLE like_comment ADD user_id INTEGER REFERENCES auth_user (id) ON DELETE CASCADE;
timestamp: 2013-08-28T01:30:59.742765
ALTER TABLE post_item ADD likes INTEGER;
timestamp: 2013-08-28T01:30:59.770387
ALTER TABLE comments ADD likes INTEGER;
timestamp: 2013-08-30T13:30:29.389416
ALTER TABLE post_item ADD pic CHAR(512);
timestamp: 2013-08-30T13:30:29.472331
ALTER TABLE post_item ADD url2 CHAR(512);
